<?xml version="1.0" encoding="UTF-8"?>
<testsuite name="com.pine.chat.ChatWebSocketsApplicationTests" tests="1" skipped="0" failures="0" errors="0" timestamp="2026-03-05T11:11:35.918Z" hostname="THINKBOOK14" time="11.515">
  <properties/>
  <testcase name="contextLoads()" classname="com.pine.chat.ChatWebSocketsApplicationTests" time="0.578"/>
  <system-out><![CDATA[14:11:36.035 [Test worker] INFO org.springframework.test.context.support.AnnotationConfigContextLoaderUtils -- Could not detect default configuration classes for test class [com.pine.chat.ChatWebSocketsApplicationTests]: ChatWebSocketsApplicationTests does not declare any static, non-private, non-final, nested classes annotated with @Configuration.
14:11:36.152 [Test worker] INFO org.springframework.boot.test.context.SpringBootTestContextBootstrapper -- Found @SpringBootConfiguration com.pine.chat.ChatWebSocketsApplication for test class com.pine.chat.ChatWebSocketsApplicationTests

  .   ____          _            __ _ _
 /\\ / ___'_ __ _ _(_)_ __  __ _ \ \ \ \
( ( )\___ | '_ | '_| | '_ \/ _` | \ \ \ \
 \\/  ___)| |_)| | | | | || (_| |  ) ) ) )
  '  |____| .__|_| |_|_| |_\__, | / / / /
 =========|_|==============|___/=/_/_/_/

 :: Spring Boot ::                (v4.0.3)

2026-03-05T14:11:36.557+03:00  INFO 39892 --- [    Test worker] c.p.chat.ChatWebSocketsApplicationTests  : Starting ChatWebSocketsApplicationTests using Java 25 with PID 39892 (started by sarpowski in C:\Users\User\Desktop\seti\CourseWork\ChatWebSockets)
2026-03-05T14:11:36.559+03:00  INFO 39892 --- [    Test worker] c.p.chat.ChatWebSocketsApplicationTests  : No active profile set, falling back to 1 default profile: "default"
2026-03-05T14:11:37.300+03:00  INFO 39892 --- [    Test worker] .s.d.r.c.RepositoryConfigurationDelegate : Multiple Spring Data modules found, entering strict repository configuration mode
2026-03-05T14:11:37.302+03:00  INFO 39892 --- [    Test worker] .s.d.r.c.RepositoryConfigurationDelegate : Bootstrapping Spring Data Reactive Cassandra repositories in DEFAULT mode.
2026-03-05T14:11:37.360+03:00  INFO 39892 --- [    Test worker] .RepositoryConfigurationExtensionSupport : Spring Data Reactive Cassandra - Could not safely identify store assignment for repository candidate interface com.pine.chat.auth.repository.RefreshTokenRepository; If you want this repository to be a Reactive Cassandra repository, consider annotating your entities with one of these annotations: org.springframework.data.cassandra.core.mapping.Table (preferred), or consider extending one of the following types with your repository: org.springframework.data.cassandra.repository.ReactiveCassandraRepository
2026-03-05T14:11:37.362+03:00  INFO 39892 --- [    Test worker] .RepositoryConfigurationExtensionSupport : Spring Data Reactive Cassandra - Could not safely identify store assignment for repository candidate interface com.pine.chat.user.repository.UserRepository; If you want this repository to be a Reactive Cassandra repository, consider annotating your entities with one of these annotations: org.springframework.data.cassandra.core.mapping.Table (preferred), or consider extending one of the following types with your repository: org.springframework.data.cassandra.repository.ReactiveCassandraRepository
2026-03-05T14:11:37.363+03:00  INFO 39892 --- [    Test worker] .s.d.r.c.RepositoryConfigurationDelegate : Finished Spring Data repository scanning in 53 ms. Found 0 Reactive Cassandra repository interfaces.
2026-03-05T14:11:37.370+03:00  INFO 39892 --- [    Test worker] .s.d.r.c.RepositoryConfigurationDelegate : Multiple Spring Data modules found, entering strict repository configuration mode
2026-03-05T14:11:37.372+03:00  INFO 39892 --- [    Test worker] .s.d.r.c.RepositoryConfigurationDelegate : Bootstrapping Spring Data Cassandra repositories in DEFAULT mode.
2026-03-05T14:11:37.381+03:00  INFO 39892 --- [    Test worker] .RepositoryConfigurationExtensionSupport : Spring Data Cassandra - Could not safely identify store assignment for repository candidate interface com.pine.chat.auth.repository.RefreshTokenRepository; If you want this repository to be a Cassandra repository, consider annotating your entities with one of these annotations: org.springframework.data.cassandra.core.mapping.Table (preferred), or consider extending one of the following types with your repository: org.springframework.data.cassandra.repository.CassandraRepository
2026-03-05T14:11:37.381+03:00  INFO 39892 --- [    Test worker] .RepositoryConfigurationExtensionSupport : Spring Data Cassandra - Could not safely identify store assignment for repository candidate interface com.pine.chat.user.repository.UserRepository; If you want this repository to be a Cassandra repository, consider annotating your entities with one of these annotations: org.springframework.data.cassandra.core.mapping.Table (preferred), or consider extending one of the following types with your repository: org.springframework.data.cassandra.repository.CassandraRepository
2026-03-05T14:11:37.381+03:00  INFO 39892 --- [    Test worker] .s.d.r.c.RepositoryConfigurationDelegate : Finished Spring Data repository scanning in 8 ms. Found 0 Cassandra repository interfaces.
2026-03-05T14:11:37.424+03:00  INFO 39892 --- [    Test worker] .s.d.r.c.RepositoryConfigurationDelegate : Multiple Spring Data modules found, entering strict repository configuration mode
2026-03-05T14:11:37.426+03:00  INFO 39892 --- [    Test worker] .s.d.r.c.RepositoryConfigurationDelegate : Bootstrapping Spring Data JPA repositories in DEFAULT mode.
2026-03-05T14:11:37.461+03:00  INFO 39892 --- [    Test worker] .s.d.r.c.RepositoryConfigurationDelegate : Finished Spring Data repository scanning in 29 ms. Found 2 JPA repository interfaces.
2026-03-05T14:11:37.959+03:00  INFO 39892 --- [    Test worker] org.hibernate.orm.jpa                    : HHH008540: Processing PersistenceUnitInfo [name: default]
2026-03-05T14:11:38.012+03:00  INFO 39892 --- [    Test worker] org.hibernate.orm.core                   : HHH000001: Hibernate ORM core version 7.2.4.Final
2026-03-05T14:11:39.442+03:00  INFO 39892 --- [    Test worker] o.s.o.j.p.SpringPersistenceUnitInfo      : No LoadTimeWeaver setup: ignoring JPA class transformer
2026-03-05T14:11:39.537+03:00  INFO 39892 --- [    Test worker] com.zaxxer.hikari.HikariDataSource       : HikariPool-1 - Starting...
2026-03-05T14:11:39.963+03:00  INFO 39892 --- [    Test worker] com.zaxxer.hikari.pool.HikariPool        : HikariPool-1 - Added connection conn0: url=jdbc:h2:mem:testdb user=SA
2026-03-05T14:11:39.968+03:00  INFO 39892 --- [    Test worker] com.zaxxer.hikari.HikariDataSource       : HikariPool-1 - Start completed.
2026-03-05T14:11:40.161+03:00  INFO 39892 --- [    Test worker] org.hibernate.orm.connections.pooling    : HHH10001005: Database info:
	Database JDBC URL [jdbc:h2:mem:testdb]
	Database driver: H2 JDBC Driver
	Database dialect: H2Dialect
	Database version: 2.4.240
	Default catalog/schema: TESTDB/PUBLIC
	Autocommit mode: undefined/unknown
	Isolation level: READ_COMMITTED [default READ_COMMITTED]
	JDBC fetch size: 100
	Pool: DataSourceConnectionProvider
	Minimum pool size: undefined/unknown
	Maximum pool size: undefined/unknown
2026-03-05T14:11:42.675+03:00  INFO 39892 --- [    Test worker] org.hibernate.orm.core                   : HHH000489: No JTA platform available (set 'hibernate.transaction.jta.platform' to enable JTA platform integration)
2026-03-05T14:11:42.841+03:00  INFO 39892 --- [    Test worker] j.LocalContainerEntityManagerFactoryBean : Initialized JPA EntityManagerFactory for persistence unit 'default'
2026-03-05T14:11:43.058+03:00  INFO 39892 --- [    Test worker] o.s.d.j.r.query.QueryEnhancerFactories   : Hibernate is in classpath; If applicable, HQL parser will be used.
2026-03-05T14:11:43.874+03:00  WARN 39892 --- [    Test worker] JpaBaseConfiguration$JpaWebConfiguration : spring.jpa.open-in-view is enabled by default. Therefore, database queries may be performed during view rendering. Explicitly configure spring.jpa.open-in-view to disable this warning
2026-03-05T14:11:44.206+03:00  WARN 39892 --- [    Test worker] .s.a.UserDetailsServiceAutoConfiguration : 

Using generated security password: 96bb1770-10c4-437d-9ab2-9b163369fb51

This generated password is for development use only. Your security configuration must be updated before running your application in production.

2026-03-05T14:11:44.228+03:00  INFO 39892 --- [    Test worker] r$InitializeUserDetailsManagerConfigurer : Global AuthenticationManager configured with UserDetailsService bean with name inMemoryUserDetailsManager
2026-03-05T14:11:45.866+03:00  INFO 39892 --- [    Test worker] c.d.o.d.i.core.DefaultMavenCoordinates   : Apache Cassandra Java Driver (org.apache.cassandra:java-driver-core) version 4.19.2
2026-03-05T14:11:46.790+03:00  INFO 39892 --- [    Test worker] o.s.s.config.TaskSchedulerRouter         : No TaskScheduler/ScheduledExecutorService bean found for scheduled processing
2026-03-05T14:11:46.820+03:00  INFO 39892 --- [    Test worker] c.p.chat.ChatWebSocketsApplicationTests  : Started ChatWebSocketsApplicationTests in 10.506 seconds (process running for 11.777)
2026-03-05T14:11:46.829+03:00  WARN 39892 --- [    Test worker] o.s.core.events.SpringDocAppInitializer  : SpringDoc /v3/api-docs endpoint is enabled by default. To disable it in production, set the property 'springdoc.api-docs.enabled=false'
2026-03-05T14:11:46.829+03:00  WARN 39892 --- [    Test worker] o.s.core.events.SpringDocAppInitializer  : SpringDoc /swagger-ui.html endpoint is enabled by default. To disable it in production, set the property 'springdoc.swagger-ui.enabled=false'
]]></system-out>
  <system-err><![CDATA[Mockito is currently self-attaching to enable the inline-mock-maker. This will no longer work in future releases of the JDK. Please add Mockito as an agent to your build as described in Mockito's documentation: https://javadoc.io/doc/org.mockito/mockito-core/latest/org.mockito/org/mockito/Mockito.html#0.3
WARNING: A Java agent has been loaded dynamically (C:\Users\User\.gradle\caches\modules-2\files-2.1\net.bytebuddy\byte-buddy-agent\1.17.8\f09415827a71be7ed621c7bd02550678f28bc81c\byte-buddy-agent-1.17.8.jar)
WARNING: If a serviceability tool is in use, please run with -XX:+EnableDynamicAgentLoading to hide this warning
WARNING: If a serviceability tool is not in use, please run with -Djdk.instrument.traceUsage for more information
WARNING: Dynamic loading of agents will be disallowed by default in a future release
]]></system-err>
</testsuite>
